# JRE version: Java(TM) SE Runtime Environment (24.0+36) (build 24+36-3646)
# Java VM: Java HotSpot(TM) 64-Bit Server VM (24+36-3646, mixed mode, sharing, tiered, compressed oops, compressed class ptrs, g1 gc, windows-amd64)
GC Precious Log:
 CardTable entry size: 512
 Card Set container configuration: InlinePtr #cards 4 size 8 Array Of Cards #cards 16 size 48 Howl #buckets 8 coarsen threshold 3686 Howl Bitmap #cards 512 size 80 coarsen threshold 460 Card regions per heap region 1 cards per card region 4096
 CPUs: 8 total, 8 available
 Memory: 16263M
 Large Page Support: Disabled
 NUMA Support: Disabled
 Compressed Oops: Enabled (Zero based)
 Heap Region Size: 2M
 Heap Min Capacity: 8M
 Heap Initial Capacity: 256M
 Heap Max Capacity: 4066M
 Pre-touch: Disabled
 Parallel Workers: 8
 Concurrent Workers: 2
 Concurrent Refinement Workers: 8
 Periodic GC: Disabled
Heap:
 garbage-first heap   total reserved 4163584K, committed 55296K, used 26868K [0x0000000701e00000, 0x0000000800000000)
  region size 2048K, 8 young (16384K), 1 survivors (2048K)
 Metaspace       used 45323K, committed 45696K, reserved 1114112K
  class space    used 4810K, committed 4992K, reserved 1048576K
GC Heap History (12 events):
Event: 45.783 GC heap before
{Heap before GC invocations=0 (full 0):
 garbage-first heap   total reserved 4163584K, committed 264192K, used 48244K [0x0000000701e00000, 0x0000000800000000)
  region size 2048K, 24 young (49152K), 0 survivors (0K)
 Metaspace       used 14193K, committed 14336K, reserved 1114112K
  class space    used 1387K, committed 1472K, reserved 1048576K
}
Event: 45.789 GC heap after
{Heap after GC invocations=1 (full 0):
 garbage-first heap   total reserved 4163584K, committed 264192K, used 7886K [0x0000000701e00000, 0x0000000800000000)
  region size 2048K, 3 young (6144K), 3 survivors (6144K)
 Metaspace       used 14193K, committed 14336K, reserved 1114112K
  class space    used 1387K, committed 1472K, reserved 1048576K
}
Event: 49.198 GC heap before
{Heap before GC invocations=1 (full 0):
 garbage-first heap   total reserved 4163584K, committed 264192K, used 38606K [0x0000000701e00000, 0x0000000800000000)
  region size 2048K, 19 young (38912K), 3 survivors (6144K)
 Metaspace       used 21337K, committed 21504K, reserved 1114112K
  class space    used 2160K, committed 2240K, reserved 1048576K
}
Event: 49.204 GC heap after
{Heap after GC invocations=2 (full 0):
 garbage-first heap   total reserved 4163584K, committed 264192K, used 10625K [0x0000000701e00000, 0x0000000800000000)
  region size 2048K, 5 young (10240K), 5 survivors (10240K)
 Metaspace       used 21337K, committed 21504K, reserved 1114112K
  class space    used 2160K, committed 2240K, reserved 1048576K
}
Event: 57.684 GC heap before
{Heap before GC invocations=3 (full 0):
 garbage-first heap   total reserved 4163584K, committed 49152K, used 45441K [0x0000000701e00000, 0x0000000800000000)
  region size 2048K, 22 young (45056K), 5 survivors (10240K)
 Metaspace       used 29654K, committed 29952K, reserved 1114112K
  class space    used 3007K, committed 3136K, reserved 1048576K
}
Event: 57.691 GC heap after
{Heap after GC invocations=4 (full 0):
 garbage-first heap   total reserved 4163584K, committed 61440K, used 13020K [0x0000000701e00000, 0x0000000800000000)
  region size 2048K, 6 young (12288K), 6 survivors (12288K)
 Metaspace       used 29654K, committed 29952K, reserved 1114112K
  class space    used 3007K, committed 3136K, reserved 1048576K
}
Event: 59.951 GC heap before
{Heap before GC invocations=4 (full 0):
 garbage-first heap   total reserved 4163584K, committed 61440K, used 37596K [0x0000000701e00000, 0x0000000800000000)
  region size 2048K, 18 young (36864K), 6 survivors (12288K)
 Metaspace       used 35227K, committed 35456K, reserved 1114112K
  class space    used 3527K, committed 3648K, reserved 1048576K
}
Event: 59.960 GC heap after
{Heap after GC invocations=5 (full 0):
 garbage-first heap   total reserved 4163584K, committed 61440K, used 13631K [0x0000000701e00000, 0x0000000800000000)
  region size 2048K, 2 young (4096K), 2 survivors (4096K)
 Metaspace       used 35227K, committed 35456K, reserved 1114112K
  class space    used 3527K, committed 3648K, reserved 1048576K
}
Event: 60.020 GC heap before
{Heap before GC invocations=5 (full 0):
 garbage-first heap   total reserved 4163584K, committed 61440K, used 13631K [0x0000000701e00000, 0x0000000800000000)
  region size 2048K, 3 young (6144K), 2 survivors (4096K)
 Metaspace       used 35776K, committed 35968K, reserved 1114112K
  class space    used 3562K, committed 3648K, reserved 1048576K
}
Event: 60.024 GC heap after
{Heap after GC invocations=6 (full 0):
 garbage-first heap   total reserved 4163584K, committed 61440K, used 14034K [0x0000000701e00000, 0x0000000800000000)
  region size 2048K, 1 young (2048K), 1 survivors (2048K)
 Metaspace       used 35776K, committed 35968K, reserved 1114112K
  class space    used 3562K, committed 3648K, reserved 1048576K
}
Event: 63.152 GC heap before
{Heap before GC invocations=7 (full 0):
 garbage-first heap   total reserved 4163584K, committed 55296K, used 42706K [0x0000000701e00000, 0x0000000800000000)
  region size 2048K, 16 young (32768K), 1 survivors (2048K)
 Metaspace       used 42584K, committed 42944K, reserved 1114112K
  class space    used 4554K, committed 4736K, reserved 1048576K
}
Event: 63.156 GC heap after
{Heap after GC invocations=8 (full 0):
 garbage-first heap   total reserved 4163584K, committed 55296K, used 14580K [0x0000000701e00000, 0x0000000800000000)
  region size 2048K, 1 young (2048K), 1 survivors (2048K)
 Metaspace       used 42584K, committed 42944K, reserved 1114112K
  class space    used 4554K, committed 4736K, reserved 1048576K
}

